[--rev, 1.8.8]
Loading BuildTools version: git-BuildTools-1c045dc-192 (#192)
Java Version: Java 8
Current Path: /workspaces/server-test
git version 2.49.0
openjdk version "1.8.0_442"
OpenJDK Runtime Environment (build 1.8.0_442-8u442-b06~us1-0ubuntu1~20.04-b06)
OpenJDK 64-Bit Server VM (build 25.442-b06, mixed mode)
Attempting to build version: '1.8.8' use --rev <version> to override
Found version
{
	"name": "582a",
	"description": "Jenkins build 582a (hotfix 2)",
	"refs": {
		"BuildData": "838b40587fa7a68a130b75252959bc8a3481d94f",
		"Bukkit": "01d1820664a5f881665b84b28871dadd132deaef",
		"CraftBukkit": "741a1bdf3db8c4d5237407df2872d9857427bfaf",
		"Spigot": "21fe7077d9140e0f9db01587a39c2ffec29e3ec8"
	}
}

Pulling updates for /workspaces/server-test/BuildData/.git
Successfully fetched updates!
Checked out: 838b40587fa7a68a130b75252959bc8a3481d94f
Pulling updates for /workspaces/server-test/Bukkit/.git
Successfully fetched updates!
Checked out: 01d1820664a5f881665b84b28871dadd132deaef
Pulling updates for /workspaces/server-test/CraftBukkit/.git
Successfully fetched updates!
Checked out: 741a1bdf3db8c4d5237407df2872d9857427bfaf
Pulling updates for /workspaces/server-test/Spigot/.git
Successfully fetched updates!
Checked out: 21fe7077d9140e0f9db01587a39c2ffec29e3ec8
Attempting to build Minecraft with details: VersionInfo(minecraftVersion=1.8.8, accessTransforms=bukkit-1.8.8.at, classMappings=bukkit-1.8.8-cl.csrg, memberMappings=bukkit-1.8.8-members.csrg, packageMappings=package.srg, minecraftHash=a0671390aa0691e70a950155aab06ffb, classMapCommand=null, memberMapCommand=null, finalMapCommand=null, decompileCommand=null, serverUrl=null, mappingsUrl=null, spigotVersion=null, toolsVersion=0)
Found good Minecraft hash (a0671390aa0691e70a950155aab06ffb)
[INFO] Scanning for projects...
[INFO] 
[INFO] ------------------< org.apache.maven:standalone-pom >-------------------
[INFO] Building Maven Stub Project (No POM) 1
[INFO] --------------------------------[ pom ]---------------------------------
[INFO] 
[INFO] --- install:3.1.1:install-file (default-cli) @ standalone-pom ---
[INFO] pom.xml not found in mapped.ba9a3cce.jar
[INFO] Installing /workspaces/server-test/work/mapped.ba9a3cce.jar to /home/codespace/.m2/repository/org/spigotmc/minecraft-server/1.8.8-SNAPSHOT/minecraft-server-1.8.8-SNAPSHOT.jar
[INFO] ------------------------------------------------------------------------
[INFO] BUILD SUCCESS
[INFO] ------------------------------------------------------------------------
[INFO] Total time:  0.775 s
[INFO] Finished at: 2025-04-24T17:55:52Z
[INFO] ------------------------------------------------------------------------
Applying CraftBukkit Patches
Backing up NMS dir
Patching EntityEgg.java
Patching EntityArrow.java
Patching ContainerEnchantTable.java
Patching EntitySkeleton.java
Patching IInventory.java
Patching EntityChicken.java
Patching ExpirableListEntry.java
Patching CommandGamerule.java
Patching ContainerHopper.java
Patching ContainerWorkbench.java
Patching EntitySnowman.java
Patching Slot.java
Patching CrashReport.java
Patching DispenseBehaviorItem.java
Patching Village.java
Patching PathfinderGoalOwnerHurtTarget.java
Patching ScoreboardServer.java
Patching Container.java
Patching BlockStem.java
Patching PropertyManager.java
Patching PlayerInteractManager.java
Patching TileEntity.java
Patching EntityMonster.java
Patching EntityTNTPrimed.java
Patching EntityCow.java
Patching BlockGrass.java
Patching MethodProfiler.java
Patching ChunkSection.java
Patching LoginListener.java
Patching StatisticManager.java
Patching BlockRedstoneLamp.java
Patching PacketPlayInResourcePackStatus.java
Patching EntityTrackerEntry.java
Patching TileEntitySkull.java
Patching TileEntityHopper.java
Patching EntityMinecartAbstract.java
Patching Entity.java
Patching TileEntityNote.java
Patching EntityTracker.java
Patching EntitySlice.java
Patching BlockSapling.java
Patching BlockDiodeAbstract.java
Patching ItemLeash.java
Patching ItemWaterLily.java
Patching ContainerHorse.java
Patching ShapelessRecipes.java
Patching FoodMetaData.java
Patching EntityMushroomCow.java
Patching EntitySquid.java
Patching BlockSnow.java
Patching EntityProjectile.java
Patching CommandGamemode.java
Patching RecipesBanner.java
Patching BlockStationary.java
Patching ChunkRegionLoader.java
Patching EntityCreature.java
Patching PathfinderGoalBreed.java
Patching BlockVine.java
Patching Enchantment.java
Patching BlockNetherWart.java
Patching WorldGenGroundBush.java
Patching IDataManager.java
Patching DispenseBehaviorProjectile.java
Patching HandshakeListener.java
Patching WorldGenRegistration.java
Patching PathfinderGoalSelector.java
Patching EntityOcelot.java
Patching Explosion.java
Patching EntityHanging.java
Patching EntityExperienceOrb.java
Patching PathfinderGoalHurtByTarget.java
Patching InventoryEnderChest.java
Patching BlockCrops.java
Patching ContainerDispenser.java
Patching BlockDropper.java
Patching ItemRecord.java
Patching ItemFishingRod.java
Patching RecipesFurnace.java
Patching BlockSkull.java
Patching RecipeArmorDye.java
Patching BlockPumpkin.java
Patching EntityLeash.java
Patching NameReferencingFileConverter.java
Patching PacketDataSerializer.java
Patching PathfinderGoalMakeLove.java
Patching TileEntityBanner.java
Patching TileEntitySign.java
Patching PathfinderGoalPanic.java
Patching PacketPlayInBlockPlace.java
Patching DispenserRegistry.java
Patching BlockReed.java
Patching ShapedRecipes.java
Patching WorldData.java
Patching EntitySheep.java
Patching BlockPlant.java
Patching EntityHorse.java
Patching JsonList.java
Patching ItemBow.java
Patching BlockJukeBox.java
Patching BlockMycel.java
Patching PathfinderGoalNearestAttackableTarget.java
Patching BlockSoil.java
Patching ItemDye.java
Patching ItemFlintAndSteel.java
Patching EntityWolf.java
Patching ItemMonsterEgg.java
Patching BlockRedstoneOre.java
Patching EntityPotion.java
Patching BlockFire.java
Patching PacketStatusListener.java
Patching BlockEnderPortal.java
Patching EntitySilverfish.java
Patching ItemHanging.java
Patching EntityPlayer.java
Patching CommandBlockListenerAbstract.java
Patching BlockTripwireHook.java
Patching EntityEnderman.java
Patching ItemStack.java
Patching EntitySmallFireball.java
Patching ContainerChest.java
Patching InventoryCrafting.java
Patching BlockMinecartDetector.java
Patching ItemMinecart.java
Patching NetworkManager.java
Patching PlayerConnection.java
Patching PathfinderGoalNearestAttackableTargetInsentient.java
Patching BlockDoor.java
Patching BlockBloodStone.java
Patching PlayerInventory.java
Patching BlockPressurePlateBinary.java
Patching BlockMushroom.java
Patching MinecraftServer.java
Patching PathfinderGoalTame.java
Patching EntityAgeable.java
Patching BlockMonsterEggs.java
Patching World.java
Patching ItemBoat.java
Patching BlockPressurePlateWeighted.java
Patching PathfinderGoalEatTile.java
Patching Chunk.java
Patching MobEffectList.java
Patching EntityPig.java
Patching WorldServer.java
Patching BlockPortal.java
Patching BlockLever.java
Patching EntityItemFrame.java
Patching BlockPiston.java
Patching CommandSpreadPlayers.java
Patching BlockTrapdoor.java
Patching BlockDispenser.java
Patching EntityMinecartContainer.java
Patching InventoryLargeChest.java
Patching EntityVillager.java
Patching RecipeFireworks.java
Patching EntityFireworks.java
Patching ContainerBrewingStand.java
Patching EntityGhast.java
Patching RecipeBookClone.java
Patching UserCache.java
Patching IRecipe.java
Patching BlockCactus.java
Patching EntityArmorStand.java
Patching BlockRedstoneTorch.java
Patching WorldGenMegaTreeAbstract.java
Patching EntityCreeper.java
Patching PacketPlayInCloseWindow.java
Patching EntityHuman.java
Patching BlockMobSpawner.java
Patching ItemFireball.java
Patching EntityAnimal.java
Patching ContainerBeacon.java
Patching PathfinderGoalDefendVillage.java
Patching CommandTp.java
Patching BlockCocoa.java
Patching PathfinderGoalTargetNearestPlayer.java
Patching EntityEnderDragon.java
Patching WorldNBTStorage.java
Patching VillageSiege.java
Patching PortalTravelAgent.java
Patching BlockPoweredRail.java
Patching EntityLargeFireball.java
Patching EntityWither.java
Patching SlotFurnaceResult.java
Patching EntityEnderCrystal.java
Patching EntitySpider.java
Patching BlockFlowing.java
Patching InventoryHorseChest.java
Patching NBTTagList.java
Patching BlockCommand.java
Patching InventoryMerchant.java
Patching EntityLiving.java
Patching BlockDaylightDetector.java
Patching SpawnerCreature.java
Patching TileEntityPiston.java
Patching PathfinderGoalOwnerHurtByTarget.java
Patching EntityDamageSourceIndirect.java
Patching BlockPressurePlateAbstract.java
Patching BlockDragonEgg.java
Patching WorldBorder.java
Patching EntityLightning.java
Patching EntityWitherSkull.java
Patching EntityMinecartCommandBlock.java
Patching RegionFile.java
Patching BiomeTheEndDecorator.java
Patching EntityPainting.java
Patching BlockButtonAbstract.java
Patching TileEntityDispenser.java
Patching Path.java
Patching ContainerAnvil.java
Patching PathfinderGoalSit.java
Patching BlockIce.java
Patching WorldMap.java
Patching PathfinderGoalBreakDoor.java
Patching RemoteControlCommandListener.java
Patching PlayerChunkMap.java
Patching TileEntityBeacon.java
Patching EnchantmentThorns.java
Patching TileEntityCommand.java
Patching EntitySlime.java
Patching ItemBucket.java
Patching InventoryCraftResult.java
Patching TileEntityBrewingStand.java
Patching EntityItem.java
Patching RecipeRepair.java
Patching BlockMinecartTrackAbstract.java
Patching ContainerPlayer.java
Patching BlockRedstoneWire.java
Patching EntityEnderPearl.java
Patching BlockOre.java
Patching WorldManager.java
Patching EntityInsentient.java
Patching DedicatedServer.java
Patching CraftingManager.java
Patching TileEntityChest.java
Patching EntityRabbit.java
Patching EntityZombie.java
Patching MobSpawnerAbstract.java
Patching ContainerMerchant.java
Patching EntityFallingBlock.java
Patching EntityBoat.java
Patching ItemArmor.java
Patching BlockCake.java
Patching TileEntityFurnace.java
Patching EntityFireball.java
Patching EntityFishingHook.java
Patching CommandExecute.java
Patching ItemMapEmpty.java
Patching PlayerList.java
Patching WorldGenVillagePieces.java
Patching RecipeMapClone.java
Patching EntityIronGolem.java
Patching SecondaryWorldServer.java
Patching BlockTripwire.java
Patching ItemWorldMap.java
Patching ChunkProviderServer.java
Patching ChatModifier.java
Patching InventorySubcontainer.java
Patching EntityThrownExpBottle.java
Patching BlockLeaves.java
Patching Block.java
Patching ContainerFurnace.java
Patching ChatBaseComponent.java
Rebuilding Forked projects.... 
HEAD is now at 01d18206 Add non-mutative getCrossProduct method to Vector.
Resetting Spigot-API to Bukkit...
HEAD is now at 01d18206 Add non-mutative getCrossProduct method to Vector.
  Applying patches to Spigot-API...
fatal: Resolve operation not in progress, we are not resuming.
Applying: POM Changes
Applying: Spigot Timings
Applying: Add PlayerItemDamageEvent
Applying: BungeeCord Support
Applying: Add Arrow API
Applying: Add Particle API
Applying: Define EntitySpawnEvent and SpawnerSpawnEvent
Applying: Entity Mount and Dismount Events
Applying: InventoryClickEvent getClickedInventory
Applying: Added getAllSessionData() to the Conversation API.
Applying: Catch Conversation API Errors
Applying: Player Collision API
Applying: Expand Boolean Prompt Values
Applying: Add Getter for Entity Invulnerability
Applying: Add respawn API.
Applying: Fix Plugin Message API Disconnects
Applying: Fix Tab Completion for Some Commands
Applying: Implement Locale Getter for Players
Applying: Add support for fetching hidden players
Applying: Silenceable Lightning API
Applying: Remove deprecation on some player lookup methods
Applying: Add Score.isScoreSet()Z API.
Applying: Add PlayerSpawnLocationEvent.
Applying: Ease ClassLoader Deadlocks Where Possible
Applying: Fix slow tab complete for some commands.
Applying: Undeprecate Player#updateInventory()V
Applying: Added isUnbreakable and setUnbreakable to ItemMeta
Applying: BungeeCord Chat API
Applying: Add restart API.
  Patches applied cleanly to Spigot-API
From file:///workspaces/server-test/CraftBukkit
 + f6d42e99...d30d4b8e patched    -> origin/patched  (forced update)
HEAD is now at d30d4b8e CraftBukkit $ Thu Apr 24 17:55:53 UTC 2025
Resetting Spigot-Server to CraftBukkit...
HEAD is now at d30d4b8e CraftBukkit $ Thu Apr 24 17:55:53 UTC 2025
  Applying patches to Spigot-Server...
fatal: Resolve operation not in progress, we are not resuming.
Applying: POM Changes
Applying: mc-dev imports
Applying: Skeleton API Implementations
Applying: Obfuscation Helpers
Applying: Spigot Configuration
Applying: Better Chunk Tick Selection
Applying: Crop Growth Rates
Applying: Merge tweaks and configuration
Applying: Async Operation Catching
Applying: View Distance
Applying: Spigot Timings
Applying: Fix Mob Spawning Relative to View Distance
Applying: Handle Null Tile Entities
Applying: Entity Activation Range
Applying: Metrics
Applying: PlayerItemDamageEvent
Applying: Prevent NPE in CraftSign
Applying: Entity Tracking Ranges
Applying: Thread Naming and Tweaks
Applying: Close Unloaded Save Files
Applying: Remove -o Option
Applying: Recipe Deconstruction
Applying: Implement Arrow API
Applying: Hopper Customisations
Applying: Implement SpawnerSpawnEvent.
Applying: Firework Meta Crash Fix
Applying: Allow Disabling of Command Logging
Applying: Allow Disabling of Command TabComplete
Applying: Configurable Messages
Applying: Allow Disabling of Random Lighting Updates
Applying: Properly Close Inventories
Applying: Disallow Interaction With Self
Applying: Entity Mount and Dismount Events
Applying: Prevent Ghost Players Caused by Plugins
Applying: Plug World Unload Memory Leak
Applying: Player Collision API
Applying: Fully Disable Snooper When Not Required
Applying: Add Getter for Entity Invulnerability
Applying: Cap Minimum Player Speed
Applying: Update Inventory and Health for PlayerConsumeItemEvent
Applying: Call EntityChangeBlockEvent for Fire Arrows hitting TNT
Applying: Allow Disabling of 1.6.3 Structure Saving
Applying: Item Despawn Rate
Applying: Don't Special Case X Move Value
Applying: Implement respawn API.
Applying: Arrow Despawn Rate
Applying: Fix packed ice generation
Applying: Watchdog Thread.
Applying: Clear Flower Pot on Drop
Applying: Fix some chunks not being sent to the client
Applying: Fix Broken Async Chat
Applying: Orebfuscator
Applying: Optimize DataWatcher
Applying: Fire PreLogin Events in Offline Mode
Applying: BungeeCord Support
Applying: Allow Disabling Zombie Villager Aggression
Applying: Configurable Amount of Netty Threads
Applying: Prevent Mineshaft Saving
Applying: Log Cause of Unexpected Exceptions
Applying: Particle API
Applying: Save ticks lived to nbttag
Applying: More Efficient GetCubes
Applying: Add Option to Nerf Mobs from Spawner's
Applying: Warn if PermGen may be insufficient
Applying: Disable Connected Check on setScoreboard
Applying: Add Late Bind Option
Applying: Allow statistics to be disabled/forced
Applying: Fix ItemStack Unbreakable Code
Applying: Try and Debug Crash Reports Crashing
Applying: Improve AutoSave Mechanism
Applying: Catch stalling on corrupted map data / NBT arrays.
Applying: Allow toggling of ZombiePigmen spawning in portal blocks
Applying: Highly Optimized Tick Loop
Applying: Configurable Ping Sample Size
Applying: Add Optional Tick Shuffling
Applying: Allow Configuring Chunks per Packet
Applying: Implement Locale Getter for Players
Applying: Cap Entity Collisions
Applying: Fix dispensing bone meal not having the correct data value
Applying: Spam Filter Exclusions
Applying: Add Option to Silence CommandBlock Console
Applying: Add support for fetching hidden players
Applying: Allow Disabling Creative Item Filter
Applying: Cap Channel Registrations
Applying: Allow vanilla commands to be the main version of a command
Applying: Unfinalize the isDisconnected() method by bukkit.
Applying: Implement Silenceable Lightning API
Applying: Use one PermissibleBase for all Command Blocks
Applying: Prevent hoppers from loading chunks
Applying: Guard Entity List
Applying: Fix ConcurrentModificationException while being idle kicked in a vehicle
Applying: Cancellable WitherSkull potion effect
Applying: Descriptive kick reasons instead of Nope!
Applying: Configurable dragon death and wither spawn sounds
Applying: Display 'Spigot' in client crashes, server lists and Mojang stats
Applying: Treat Bungee as Online Mode
Applying: Add Conversion Message
Applying: Properly cancel fishing event. Fixes BUKKIT-5396
Applying: Print Stack on InternalException
Applying: Use Offline Player Data Once if Required.
Applying: Use Provided Case for Non Existent Offline Players
Applying: Check for blank OfflinePlayer Names
Applying: Fix Player Banning
Applying: Fix ban expire dates.
Applying: Correct Ban Expiration
Applying: Convert Horses owner to UUID
Applying: Add Score.isScoreSet()Z API.
Applying: Log null TileEntity Owner
Applying: Don't special case 'invalid' usernames for UUIDs.
Applying: Convert player skulls async
Applying: Prevent NoClassDefError crash and notify on crash
Applying: Check Skull canPlace
Applying: Fix race condition that could kill connections before they were initiated
Applying: Configurable UserCache cap
Applying: Implement PlayerSpawnLocationEvent.
Applying: Cap Objective Score Length
Applying: Process conversation input on the main thread. Fixes BUKKIT-5611
Applying: Configurable save-on-stop-only for UserCache
Applying: Prevent Unbounded IntCache Growth
Applying: Add damager to the unhandled error
Applying: Cross World Entity Teleportation
Applying: Limit block placement/interaction packets
Applying: Better item validation
Applying: Further Seed Customisation
Applying: Disable ResourceLeakDetector
Applying: Add More Information to session.lock Errors
Applying: Safer JSON Loading
Applying: Fix Slow "Loading Libraries"
Applying: Add CommandLine EULA Flag
Applying: Fix for enchanting table wiping meta when placing stacked items
Applying: Don't spawn bonus ocelots when plugins spawn ocelots
Applying: Prevent a crash involving attributes
Applying: Make "moved wrongly" limit configurable
Applying: Fix Null Tile Entity Worlds
Applying: Make "moved too quickly" limit configurable
Applying: Apply NBTReadLimiter to more things.
Applying: Allow Attribute Capping.
Applying: Only fetch an online UUID in online mode
Applying: Filter attribute modifiers which cause the attribute to go out of its range
Applying: Plug WorldMap Memory Leak
Applying: Fix Corrupted Trapped Chest
Applying: Remove uneeded validation
Applying: Add Hunger Config Values
Applying: Make debug logging togglable.
Applying: Skip invalid enchants in CraftMetaItem
Applying: Limit TNT Detonations per tick
Applying: Added isUnbreakable and setUnbreakable to ItemMeta
Applying: Configurable Hanging Tick
Applying: Refactor ItemDoor Place
Applying: BungeeCord Chat API
Applying: Use Standard List for EntitySlices.
Applying: Allow Capping (Tile)Entity Tick Time.
Applying: Use FastMatches for ItemStack Dirty Check
Applying: Use CLQ for main thread tasks.
Applying: map decoration fix
Applying: Use Map for getPlayer(String) lookup.
Applying: Clear Packet Queue on Disconnect
Applying: Optimize Chunk Saving Memory Allocation and Compression
Applying: More effecient RegionFile zero'ing
Applying: Don't sleep between chunk saves
  Patches applied cleanly to Spigot-Server
*** Spigot patches applied!
Compiling Spigot & Spigot-API
[INFO] Scanning for projects...
[WARNING] 
[WARNING] Some problems were encountered while building the effective model for org.spigotmc:spigot-api:jar:1.8.8-R0.1-SNAPSHOT
[WARNING] 'parent.relativePath' of POM org.spigotmc:spigot-api:1.8.8-R0.1-SNAPSHOT (/workspaces/server-test/Spigot/Spigot-API/pom.xml) points at org.spigotmc:spigot-parent instead of org.sonatype.oss:oss-parent, please verify your project structure @ line 6, column 13
[WARNING] 
[WARNING] It is highly recommended to fix these problems because they threaten the stability of your build.
[WARNING] 
[WARNING] For this reason, future Maven versions might no longer support building such malformed projects.
[WARNING] 
[INFO] ------------------------------------------------------------------------
[INFO] Reactor Build Order:
[INFO] 
[INFO] Spigot-API                                                         [jar]
[INFO] Spigot-Parent                                                      [pom]
[INFO] Spigot                                                             [jar]
[INFO] 
[INFO] ----------------------< org.spigotmc:spigot-api >-----------------------
[INFO] Building Spigot-API 1.8.8-R0.1-SNAPSHOT                            [1/3]
[INFO]   from Spigot-API/pom.xml
[INFO] --------------------------------[ jar ]---------------------------------
[INFO] 
[INFO] --- clean:3.2.0:clean (default-clean) @ spigot-api ---
[INFO] Deleting /workspaces/server-test/Spigot/Spigot-API/target
[INFO] 
[INFO] --- enforcer:1.2:enforce (enforce-maven) @ spigot-api ---
[INFO] 
[INFO] --- resources:3.3.1:resources (default-resources) @ spigot-api ---
[INFO] skip non existing resourceDirectory /workspaces/server-test/Spigot/Spigot-API/src/main/resources
[INFO] 
[INFO] --- compiler:3.1:compile (default-compile) @ spigot-api ---
[INFO] Changes detected - recompiling the module!
[INFO] 
[INFO] --- animal-sniffer:1.13:check (default) @ spigot-api ---
[INFO] Checking unresolved references to org.codehaus.mojo.signature:java16:1.1
[INFO] 
[INFO] --- resources:3.3.1:testResources (default-testResources) @ spigot-api ---
[INFO] skip non existing resourceDirectory /workspaces/server-test/Spigot/Spigot-API/src/test/resources
[INFO] 
[INFO] --- compiler:3.1:testCompile (default-testCompile) @ spigot-api ---
[INFO] Changes detected - recompiling the module!
[INFO] 
[INFO] --- surefire:3.2.2:test (default-test) @ spigot-api ---
[INFO] Using auto detected provider org.apache.maven.surefire.junit4.JUnit4Provider
[INFO] 
[INFO] -------------------------------------------------------
[INFO]  T E S T S
[INFO] -------------------------------------------------------
[INFO] Running org.bukkit.ChatPaginatorTest
[INFO] Tests run: 14, Failures: 0, Errors: 0, Skipped: 0, Time elapsed: 0.134 s -- in org.bukkit.ChatPaginatorTest
[INFO] Running org.bukkit.event.PlayerChatTabCompleteEventTest
[INFO] Tests run: 1, Failures: 0, Errors: 0, Skipped: 0, Time elapsed: 0.151 s -- in org.bukkit.event.PlayerChatTabCompleteEventTest
[INFO] Running org.bukkit.event.SyntheticEventTest
Apr 24, 2025 5:56:05 PM org.bukkit.Bukkit setServer
INFO: This server is running TestServer version Version_null (Implementing API version BukkitVersion_null)
Invk org.bukkit.event.TestEvent@4c70fda8
[INFO] Tests run: 1, Failures: 0, Errors: 0, Skipped: 0, Time elapsed: 0.064 s -- in org.bukkit.event.SyntheticEventTest
[INFO] Running org.bukkit.ArtTest
[INFO] Tests run: 5, Failures: 0, Errors: 0, Skipped: 0, Time elapsed: 0.006 s -- in org.bukkit.ArtTest
[INFO] Running org.bukkit.LocationTest
[INFO] Tests run: 60, Failures: 0, Errors: 0, Skipped: 0, Time elapsed: 0.082 s -- in org.bukkit.LocationTest
[INFO] Running org.bukkit.GameModeTest
[INFO] Tests run: 1, Failures: 0, Errors: 0, Skipped: 0, Time elapsed: 0.008 s -- in org.bukkit.GameModeTest
[INFO] Running org.bukkit.DyeColorTest
[INFO] Tests run: 80, Failures: 0, Errors: 0, Skipped: 0, Time elapsed: 0.028 s -- in org.bukkit.DyeColorTest
[INFO] Running org.bukkit.materials.MaterialDataTest
[INFO] Tests run: 1, Failures: 0, Errors: 0, Skipped: 0, Time elapsed: 0.001 s -- in org.bukkit.materials.MaterialDataTest
[INFO] Running org.bukkit.metadata.FixedMetadataValueTest
[INFO] Tests run: 3, Failures: 0, Errors: 0, Skipped: 0, Time elapsed: 0.002 s -- in org.bukkit.metadata.FixedMetadataValueTest
[INFO] Running org.bukkit.metadata.MetadataConversionTest
[INFO] Tests run: 5, Failures: 0, Errors: 0, Skipped: 0, Time elapsed: 0.002 s -- in org.bukkit.metadata.MetadataConversionTest
[INFO] Running org.bukkit.metadata.MetadataStoreTest
[INFO] Tests run: 9, Failures: 0, Errors: 0, Skipped: 0, Time elapsed: 0 s -- in org.bukkit.metadata.MetadataStoreTest
[INFO] Running org.bukkit.metadata.MetadataValueAdapterTest
[INFO] Tests run: 4, Failures: 0, Errors: 0, Skipped: 0, Time elapsed: 0 s -- in org.bukkit.metadata.MetadataValueAdapterTest
[INFO] Running org.bukkit.metadata.LazyMetadataValueTest
[INFO] Tests run: 8, Failures: 0, Errors: 0, Skipped: 0, Time elapsed: 0 s -- in org.bukkit.metadata.LazyMetadataValueTest
[INFO] Running org.bukkit.plugin.TimedRegisteredListenerTest
[INFO] Tests run: 1, Failures: 0, Errors: 0, Skipped: 0, Time elapsed: 0 s -- in org.bukkit.plugin.TimedRegisteredListenerTest
[INFO] Running org.bukkit.plugin.PluginManagerTest
[INFO] Tests run: 11, Failures: 0, Errors: 0, Skipped: 0, Time elapsed: 0.009 s -- in org.bukkit.plugin.PluginManagerTest
[INFO] Running org.bukkit.plugin.messaging.StandardMessengerTest
[INFO] Tests run: 16, Failures: 0, Errors: 0, Skipped: 0, Time elapsed: 0.021 s -- in org.bukkit.plugin.messaging.StandardMessengerTest
[INFO] Running org.bukkit.CropStateTest
[INFO] Tests run: 1, Failures: 0, Errors: 0, Skipped: 0, Time elapsed: 0 s -- in org.bukkit.CropStateTest
[INFO] Running org.bukkit.EntityEffectTest
[INFO] Tests run: 1, Failures: 0, Errors: 0, Skipped: 0, Time elapsed: 0 s -- in org.bukkit.EntityEffectTest
[INFO] Running org.bukkit.util.StringUtilTest
[INFO] Tests run: 8, Failures: 0, Errors: 0, Skipped: 0, Time elapsed: 0.001 s -- in org.bukkit.util.StringUtilTest
[INFO] Running org.bukkit.util.io.BukkitObjectStreamTest
[WARNING] Tests run: 6, Failures: 0, Errors: 0, Skipped: 3, Time elapsed: 0.057 s -- in org.bukkit.util.io.BukkitObjectStreamTest
[INFO] Running org.bukkit.util.StringUtilStartsWithTest
[INFO] Tests run: 10, Failures: 0, Errors: 0, Skipped: 0, Time elapsed: 0.001 s -- in org.bukkit.util.StringUtilStartsWithTest
[INFO] Running org.bukkit.configuration.MemorySectionTest
[INFO] Tests run: 42, Failures: 0, Errors: 0, Skipped: 0, Time elapsed: 0.006 s -- in org.bukkit.configuration.MemorySectionTest
[INFO] Running org.bukkit.configuration.MemoryConfigurationTest
[INFO] Tests run: 6, Failures: 0, Errors: 0, Skipped: 0, Time elapsed: 0.001 s -- in org.bukkit.configuration.MemoryConfigurationTest
[INFO] Running org.bukkit.configuration.file.YamlConfigurationTest
[INFO] Tests run: 17, Failures: 0, Errors: 0, Skipped: 0, Time elapsed: 0.149 s -- in org.bukkit.configuration.file.YamlConfigurationTest
[INFO] Running org.bukkit.conversations.ConversationTest
[INFO] Tests run: 4, Failures: 0, Errors: 0, Skipped: 0, Time elapsed: 0 s -- in org.bukkit.conversations.ConversationTest
[INFO] Running org.bukkit.conversations.ValidatingPromptTest
[INFO] Tests run: 4, Failures: 0, Errors: 0, Skipped: 0, Time elapsed: 0 s -- in org.bukkit.conversations.ValidatingPromptTest
[INFO] Running org.bukkit.conversations.ConversationContextTest
[INFO] Tests run: 3, Failures: 0, Errors: 0, Skipped: 0, Time elapsed: 0.001 s -- in org.bukkit.conversations.ConversationContextTest
[INFO] Running org.bukkit.TreeSpeciesTest
[INFO] Tests run: 1, Failures: 0, Errors: 0, Skipped: 0, Time elapsed: 0.001 s -- in org.bukkit.TreeSpeciesTest
[INFO] Running org.bukkit.potion.PotionTest
[INFO] Tests run: 15, Failures: 0, Errors: 0, Skipped: 0, Time elapsed: 0.001 s -- in org.bukkit.potion.PotionTest
[INFO] Running org.bukkit.NoteTest
[INFO] Tests run: 17, Failures: 0, Errors: 0, Skipped: 0, Time elapsed: 0.001 s -- in org.bukkit.NoteTest
[INFO] Running org.bukkit.GrassSpeciesTest
[INFO] Tests run: 1, Failures: 0, Errors: 0, Skipped: 0, Time elapsed: 0 s -- in org.bukkit.GrassSpeciesTest
[INFO] Running org.bukkit.EffectTest
[INFO] Tests run: 1, Failures: 0, Errors: 0, Skipped: 0, Time elapsed: 0 s -- in org.bukkit.EffectTest
[INFO] Running org.bukkit.InstrumentTest
[INFO] Tests run: 1, Failures: 0, Errors: 0, Skipped: 0, Time elapsed: 0.003 s -- in org.bukkit.InstrumentTest
[INFO] Running org.bukkit.ChatColorTest
[INFO] Tests run: 10, Failures: 0, Errors: 0, Skipped: 0, Time elapsed: 0 s -- in org.bukkit.ChatColorTest
[INFO] Running org.bukkit.MaterialTest
[INFO] Tests run: 10, Failures: 0, Errors: 0, Skipped: 0, Time elapsed: 0.002 s -- in org.bukkit.MaterialTest
[INFO] Running org.bukkit.ColorTest
[INFO] Tests run: 52, Failures: 0, Errors: 0, Skipped: 0, Time elapsed: 0.011 s -- in org.bukkit.ColorTest
[INFO] Running org.bukkit.DifficultyTest
[INFO] Tests run: 1, Failures: 0, Errors: 0, Skipped: 0, Time elapsed: 0.001 s -- in org.bukkit.DifficultyTest
[INFO] Running org.bukkit.WorldTypeTest
[INFO] Tests run: 1, Failures: 0, Errors: 0, Skipped: 0, Time elapsed: 0 s -- in org.bukkit.WorldTypeTest
[INFO] Running org.bukkit.BukkitMirrorTest
[INFO] Tests run: 485, Failures: 0, Errors: 0, Skipped: 0, Time elapsed: 0.152 s -- in org.bukkit.BukkitMirrorTest
[INFO] Running org.bukkit.CoalTypeTest
[INFO] Tests run: 1, Failures: 0, Errors: 0, Skipped: 0, Time elapsed: 0.003 s -- in org.bukkit.CoalTypeTest
[INFO] 
[INFO] Results:
[INFO] 
[WARNING] Tests run: 918, Failures: 0, Errors: 0, Skipped: 3
[INFO] 
[INFO] 
[INFO] --- jar:3.3.0:jar (default-jar) @ spigot-api ---
[INFO] Building jar: /workspaces/server-test/Spigot/Spigot-API/target/spigot-api-1.8.8-R0.1-SNAPSHOT.jar
[INFO] 
[INFO] --- shade:2.3:shade (default) @ spigot-api ---
[INFO] Including commons-lang:commons-lang:jar:2.6 in the shaded jar.
[INFO] Including com.googlecode.json-simple:json-simple:jar:1.1.1 in the shaded jar.
[INFO] Including com.google.guava:guava:jar:17.0 in the shaded jar.
[INFO] Including com.google.code.gson:gson:jar:2.2.4 in the shaded jar.
[INFO] Including org.avaje:ebean:jar:2.8.1 in the shaded jar.
[INFO] Including javax.persistence:persistence-api:jar:1.0 in the shaded jar.
[INFO] Including org.yaml:snakeyaml:jar:1.15 in the shaded jar.
[INFO] Including net.md-5:bungeecord-chat:jar:1.8-SNAPSHOT in the shaded jar.
[INFO] Attaching shaded artifact.
[INFO] 
[INFO] --- install:3.1.1:install (default-install) @ spigot-api ---
[INFO] Installing /workspaces/server-test/Spigot/Spigot-API/pom.xml to /home/codespace/.m2/repository/org/spigotmc/spigot-api/1.8.8-R0.1-SNAPSHOT/spigot-api-1.8.8-R0.1-SNAPSHOT.pom
[INFO] Installing /workspaces/server-test/Spigot/Spigot-API/target/spigot-api-1.8.8-R0.1-SNAPSHOT.jar to /home/codespace/.m2/repository/org/spigotmc/spigot-api/1.8.8-R0.1-SNAPSHOT/spigot-api-1.8.8-R0.1-SNAPSHOT.jar
[INFO] Installing /workspaces/server-test/Spigot/Spigot-API/target/spigot-api-1.8.8-R0.1-SNAPSHOT-shaded.jar to /home/codespace/.m2/repository/org/spigotmc/spigot-api/1.8.8-R0.1-SNAPSHOT/spigot-api-1.8.8-R0.1-SNAPSHOT-shaded.jar
[INFO] 
[INFO] ---------------------< org.spigotmc:spigot-parent >---------------------
[INFO] Building Spigot-Parent dev-SNAPSHOT                                [2/3]
[INFO]   from pom.xml
[INFO] --------------------------------[ pom ]---------------------------------
[INFO] 
[INFO] --- clean:3.2.0:clean (default-clean) @ spigot-parent ---
[INFO] 
[INFO] --- enforcer:1.0:enforce (enforce-maven) @ spigot-parent ---
[INFO] 
[INFO] --- install:3.1.1:install (default-install) @ spigot-parent ---
[INFO] Installing /workspaces/server-test/Spigot/pom.xml to /home/codespace/.m2/repository/org/spigotmc/spigot-parent/dev-SNAPSHOT/spigot-parent-dev-SNAPSHOT.pom
[INFO] 
[INFO] ------------------------< org.spigotmc:spigot >-------------------------
[INFO] Building Spigot 1.8.8-R0.1-SNAPSHOT                                [3/3]
[INFO]   from Spigot-Server/pom.xml
[INFO] --------------------------------[ jar ]---------------------------------
[WARNING] Could not transfer metadata net.md-5:bungeecord-chat:1.8-SNAPSHOT/maven-metadata.xml from/to maven-default-http-blocker (http://0.0.0.0/): Blocked mirror for repositories: [md_5-releases (http://repo.md-5.net/content/repositories/releases/, default, releases+snapshots)]
[INFO] 
[INFO] --- clean:3.2.0:clean (default-clean) @ spigot ---
[INFO] Deleting /workspaces/server-test/Spigot/Spigot-Server/target
[INFO] 
[INFO] --- enforcer:1.0:enforce (enforce-maven) @ spigot ---
[INFO] 
[INFO] --- scriptus:0.2:describe (ex-spigot) @ spigot ---
[INFO] Set property "spigot.desc" to "git-Spigot-21fe707"
[INFO] 
[INFO] --- scriptus:0.2:describe (ex-craftbukkit) @ spigot ---
[INFO] Set property "craftbukkit.desc" to "-741a1bd"
[INFO] 
[INFO] --- resources:3.3.1:resources (default-resources) @ spigot ---
[INFO] Copying 4 resources from src/main/resources to target/classes
[INFO] 
[INFO] --- compiler:3.1:compile (default-compile) @ spigot ---
[INFO] Changes detected - recompiling the module!
[INFO] 
[INFO] --- animal-sniffer:1.13:check (default) @ spigot ---
[INFO] Checking unresolved references to org.codehaus.mojo.signature:java16:1.1
[INFO] 
[INFO] --- resources:3.3.1:testResources (default-testResources) @ spigot ---
[INFO] skip non existing resourceDirectory /workspaces/server-test/Spigot/Spigot-Server/src/test/resources
[INFO] 
[INFO] --- compiler:3.1:testCompile (default-testCompile) @ spigot ---
[INFO] Changes detected - recompiling the module!
[INFO] 
[INFO] --- surefire:2.18:test (default-test) @ spigot ---
[INFO] Surefire report directory: /workspaces/server-test/Spigot/Spigot-Server/target/surefire-reports

-------------------------------------------------------
 T E S T S
-------------------------------------------------------
Running org.bukkit.ArtTest
Tests run: 3, Failures: 0, Errors: 0, Skipped: 0, Time elapsed: 0.011 sec - in org.bukkit.ArtTest
Running org.bukkit.PerMaterialTest
Apr 24, 2025 5:56:18 PM org.bukkit.Bukkit setServer
INFO: This server is running org.bukkit.support.DummyServer version null (Implementing API version 1.8.8-R0.1-SNAPSHOT)
Tests run: 3850, Failures: 0, Errors: 0, Skipped: 0, Time elapsed: 2.764 sec - in org.bukkit.PerMaterialTest
Running org.bukkit.SoundTest
Tests run: 1, Failures: 0, Errors: 0, Skipped: 0, Time elapsed: 0.002 sec - in org.bukkit.SoundTest
Running org.bukkit.potion.PotionTest
Tests run: 2, Failures: 0, Errors: 0, Skipped: 0, Time elapsed: 0 sec - in org.bukkit.potion.PotionTest
Running org.bukkit.DyeColorsTest
Tests run: 32, Failures: 0, Errors: 0, Skipped: 0, Time elapsed: 0.227 sec - in org.bukkit.DyeColorsTest
Running org.bukkit.StatisticsAndAchievementsTest
Tests run: 2, Failures: 0, Errors: 0, Skipped: 0, Time elapsed: 0.027 sec - in org.bukkit.StatisticsAndAchievementsTest
Running org.bukkit.MaterialTest
Tests run: 1, Failures: 0, Errors: 0, Skipped: 0, Time elapsed: 0.001 sec - in org.bukkit.MaterialTest
Running org.bukkit.WorldTypeTest
Tests run: 1, Failures: 0, Errors: 0, Skipped: 0, Time elapsed: 0.001 sec - in org.bukkit.WorldTypeTest
Running org.bukkit.map.MapTest
Tests run: 1, Failures: 0, Errors: 0, Skipped: 0, Time elapsed: 0.005 sec - in org.bukkit.map.MapTest
Running org.bukkit.craftbukkit.inventory.ItemMetaImplementationOverrideTest
Tests run: 99, Failures: 0, Errors: 0, Skipped: 0, Time elapsed: 0.026 sec - in org.bukkit.craftbukkit.inventory.ItemMetaImplementationOverrideTest
Running org.bukkit.craftbukkit.inventory.ItemFactoryTest
Tests run: 1, Failures: 0, Errors: 0, Skipped: 0, Time elapsed: 1.054 sec - in org.bukkit.craftbukkit.inventory.ItemFactoryTest
Running org.bukkit.craftbukkit.inventory.NMSCraftItemStackTest
Tests run: 2, Failures: 0, Errors: 0, Skipped: 0, Time elapsed: 0 sec - in org.bukkit.craftbukkit.inventory.NMSCraftItemStackTest
Running org.bukkit.craftbukkit.inventory.FactoryItemMaterialTest
Tests run: 1352, Failures: 0, Errors: 0, Skipped: 0, Time elapsed: 1.607 sec - in org.bukkit.craftbukkit.inventory.FactoryItemMaterialTest
Running org.bukkit.craftbukkit.inventory.ItemMetaTest
Tests run: 11, Failures: 0, Errors: 0, Skipped: 0, Time elapsed: 0.032 sec - in org.bukkit.craftbukkit.inventory.ItemMetaTest

Results :




Tests run: 5358, Failures: 0, Errors: 0, Skipped: 0

[INFO] 
[INFO] --- jar:2.5:jar (default-jar) @ spigot ---
[INFO] Building jar: /workspaces/server-test/Spigot/Spigot-Server/target/spigot-1.8.8-R0.1-SNAPSHOT.jar
[INFO] 
[INFO] --- shade:2.3:shade (default) @ spigot ---
[INFO] Including net.sf.trove4j:trove4j:jar:3.0.3 in the shaded jar.
[INFO] Including org.spigotmc:spigot-api:jar:1.8.8-R0.1-SNAPSHOT in the shaded jar.
[INFO] Including commons-lang:commons-lang:jar:2.6 in the shaded jar.
[INFO] Including com.googlecode.json-simple:json-simple:jar:1.1.1 in the shaded jar.
[INFO] Including com.google.guava:guava:jar:17.0 in the shaded jar.
[INFO] Including com.google.code.gson:gson:jar:2.2.4 in the shaded jar.
[INFO] Including org.avaje:ebean:jar:2.8.1 in the shaded jar.
[INFO] Including javax.persistence:persistence-api:jar:1.0 in the shaded jar.
[INFO] Including org.yaml:snakeyaml:jar:1.15 in the shaded jar.
[INFO] Including net.md-5:bungeecord-chat:jar:1.8-SNAPSHOT in the shaded jar.
[INFO] Including org.apache.logging.log4j:log4j-core:jar:2.8.1 in the shaded jar.
[INFO] Including org.apache.logging.log4j:log4j-api:jar:2.8.1 in the shaded jar.
[INFO] Including org.spigotmc:minecraft-server:jar:1.8.8-SNAPSHOT in the shaded jar.
[INFO] Including net.sf.jopt-simple:jopt-simple:jar:3.2 in the shaded jar.
[INFO] Including jline:jline:jar:2.12 in the shaded jar.
[INFO] Including org.xerial:sqlite-jdbc:jar:3.7.2 in the shaded jar.
[INFO] Including mysql:mysql-connector-java:jar:5.1.14 in the shaded jar.
[WARNING] guava-17.0.jar, minecraft-server-1.8.8-SNAPSHOT.jar define 1686 overlappping classes: 
[WARNING]   - com.google.common.collect.ImmutableMapValues$1
[WARNING]   - com.google.common.io.LineProcessor
[WARNING]   - com.google.common.util.concurrent.AbstractService$5
[WARNING]   - com.google.common.io.BaseEncoding$StandardBaseEncoding$2
[WARNING]   - com.google.common.io.ByteProcessor
[WARNING]   - com.google.common.math.package-info
[WARNING]   - com.google.common.util.concurrent.SimpleTimeLimiter
[WARNING]   - com.google.common.io.GwtWorkarounds$5
[WARNING]   - com.google.common.cache.AbstractCache$StatsCounter
[WARNING]   - com.google.common.util.concurrent.CycleDetectingLockFactory$Policies
[WARNING]   - 1676 more...
[WARNING] gson-2.2.4.jar, minecraft-server-1.8.8-SNAPSHOT.jar define 153 overlappping classes: 
[WARNING]   - com.google.gson.internal.bind.JsonTreeWriter
[WARNING]   - com.google.gson.internal.Excluder
[WARNING]   - com.google.gson.JsonDeserializationContext
[WARNING]   - com.google.gson.internal.$Gson$Types
[WARNING]   - com.google.gson.internal.LinkedTreeMap$KeySet
[WARNING]   - com.google.gson.FieldNamingPolicy$5
[WARNING]   - com.google.gson.internal.bind.SqlDateTypeAdapter$1
[WARNING]   - com.google.gson.internal.UnsafeAllocator$2
[WARNING]   - com.google.gson.FieldAttributes
[WARNING]   - com.google.gson.internal.$Gson$Types$ParameterizedTypeImpl
[WARNING]   - 143 more...
[WARNING] spigot-1.8.8-R0.1-SNAPSHOT.jar, minecraft-server-1.8.8-SNAPSHOT.jar define 544 overlappping classes: 
[WARNING]   - net.minecraft.server.DispenserRegistry$2
[WARNING]   - net.minecraft.server.DispenserRegistry$12
[WARNING]   - net.minecraft.server.PathfinderGoalNearestAttackableTargetInsentient
[WARNING]   - net.minecraft.server.PathfinderGoalHurtByTarget
[WARNING]   - net.minecraft.server.Entity$4
[WARNING]   - net.minecraft.server.BlockGrass
[WARNING]   - net.minecraft.server.Chunk$1
[WARNING]   - net.minecraft.server.EntityHuman
[WARNING]   - net.minecraft.server.BlockPressurePlateBinary$EnumMobType
[WARNING]   - net.minecraft.server.BlockSkull$1
[WARNING]   - 534 more...
[WARNING] log4j-core-2.8.1.jar, minecraft-server-1.8.8-SNAPSHOT.jar define 265 overlappping classes: 
[WARNING]   - org.apache.logging.log4j.core.appender.db.jdbc.ColumnConfig
[WARNING]   - org.apache.logging.log4j.core.appender.ConsoleAppender$ConsoleManagerFactory
[WARNING]   - org.apache.logging.log4j.core.pattern.ClassNamePatternConverter
[WARNING]   - org.apache.logging.log4j.core.appender.AbstractManager
[WARNING]   - org.apache.logging.log4j.core.async.AsyncLoggerContextSelector
[WARNING]   - org.apache.logging.log4j.core.appender.rolling.RollingFileManager$1
[WARNING]   - org.apache.logging.log4j.core.impl.ThrowableFormatOptions
[WARNING]   - org.apache.logging.log4j.core.filter.BurstFilter
[WARNING]   - org.apache.logging.log4j.core.pattern.LineSeparatorPatternConverter
[WARNING]   - org.apache.logging.log4j.core.pattern.AbstractStyleNameConverter
[WARNING]   - 255 more...
[WARNING] log4j-api-2.8.1.jar, minecraft-server-1.8.8-SNAPSHOT.jar define 65 overlappping classes: 
[WARNING]   - org.apache.logging.log4j.message.LocalizedMessage
[WARNING]   - org.apache.logging.log4j.message.LocalizedMessageFactory
[WARNING]   - org.apache.logging.log4j.message.MessageFormatMessageFactory
[WARNING]   - org.apache.logging.log4j.ThreadContext$ContextStack
[WARNING]   - org.apache.logging.log4j.message.StructuredDataId
[WARNING]   - org.apache.logging.log4j.status.StatusData
[WARNING]   - org.apache.logging.log4j.message.LoggerNameAwareMessage
[WARNING]   - org.apache.logging.log4j.spi.LoggerContextFactory
[WARNING]   - org.apache.logging.log4j.simple.SimpleLoggerContext
[WARNING]   - org.apache.logging.log4j.EventLogger
[WARNING]   - 55 more...
[WARNING] maven-shade-plugin has detected that some .class files
[WARNING] are present in two or more JARs. When this happens, only
[WARNING] one single version of the class is copied in the uberjar.
[WARNING] Usually this is not harmful and you can skeep these
[WARNING] warnings, otherwise try to manually exclude artifacts
[WARNING] based on mvn dependency:tree -Ddetail=true and the above
[WARNING] output
[WARNING] See http://docs.codehaus.org/display/MAVENUSER/Shade+Plugin
[INFO] Replacing original artifact with shaded artifact.
[INFO] Replacing /workspaces/server-test/Spigot/Spigot-Server/target/spigot-1.8.8-R0.1-SNAPSHOT.jar with /workspaces/server-test/Spigot/Spigot-Server/target/spigot-1.8.8-R0.1-SNAPSHOT-shaded.jar
[INFO] Dependency-reduced POM written at: /workspaces/server-test/Spigot/Spigot-Server/dependency-reduced-pom.xml
[INFO] Dependency-reduced POM written at: /workspaces/server-test/Spigot/Spigot-Server/dependency-reduced-pom.xml
[INFO] Dependency-reduced POM written at: /workspaces/server-test/Spigot/Spigot-Server/dependency-reduced-pom.xml
[INFO] 
[INFO] --- specialsource:1.2.1:remap (default) @ spigot ---
[INFO] Replacing original artifact with remapped artifact.
[INFO] Replacing /workspaces/server-test/Spigot/Spigot-Server/target/spigot-1.8.8-R0.1-SNAPSHOT.jar with /workspaces/server-test/Spigot/Spigot-Server/target/spigot-1.8.8-R0.1-SNAPSHOT-remapped.jar
[INFO] 
[INFO] --- install:3.1.1:install (default-install) @ spigot ---
[INFO] Installing /workspaces/server-test/Spigot/Spigot-Server/dependency-reduced-pom.xml to /home/codespace/.m2/repository/org/spigotmc/spigot/1.8.8-R0.1-SNAPSHOT/spigot-1.8.8-R0.1-SNAPSHOT.pom
[INFO] Installing /workspaces/server-test/Spigot/Spigot-Server/target/spigot-1.8.8-R0.1-SNAPSHOT.jar to /home/codespace/.m2/repository/org/spigotmc/spigot/1.8.8-R0.1-SNAPSHOT/spigot-1.8.8-R0.1-SNAPSHOT.jar
[INFO] ------------------------------------------------------------------------
[INFO] Reactor Summary:
[INFO] 
[INFO] Spigot-API 1.8.8-R0.1-SNAPSHOT ..................... SUCCESS [ 12.115 s]
[INFO] Spigot-Parent dev-SNAPSHOT ......................... SUCCESS [  0.135 s]
[INFO] Spigot 1.8.8-R0.1-SNAPSHOT ......................... SUCCESS [ 53.766 s]
[INFO] ------------------------------------------------------------------------
[INFO] BUILD SUCCESS
[INFO] ------------------------------------------------------------------------
[INFO] Total time:  01:06 min
[INFO] Finished at: 2025-04-24T17:57:03Z
[INFO] ------------------------------------------------------------------------
 
 
 
 
 
 
 
 
 
 
 
 
 
 
 
 
 
 
 
 
 
 
 
 
 
 
 
 
 
 
 
 
 
 
 
Total Time: 1 minute 18 seconds

Success! Everything completed successfully. Copying final .jar files now.
Copying spigot-1.8.8-R0.1-SNAPSHOT.jar to /workspaces/server-test/spigot-1.8.8.jar
  - Saved as ./spigot-1.8.8.jar
